<?xml version="1.0" encoding="UTF-8"?>
<testng-results skipped="0" failed="1" ignored="0" total="1" passed="0">
  <reporter-output>
    <line>
      <![CDATA[testCreateCustomer]]>
    </line>
  </reporter-output>
  <suite name="Default suite" duration-ms="37372" started-at="2020-01-19T13:09:06 IST" finished-at="2020-01-19T13:09:43 IST">
    <groups>
    </groups>
    <test name="Default test" duration-ms="37372" started-at="2020-01-19T13:09:06 IST" finished-at="2020-01-19T13:09:43 IST">
      <class name="com.actitime.test.CusstomerModule">
        <test-method status="PASS" signature="openBrowser()[pri:0, instance:com.actitime.test.CusstomerModule@2a742aa2]" name="openBrowser" is-config="true" duration-ms="6157" started-at="2020-01-19T13:09:06 IST" finished-at="2020-01-19T13:09:12 IST">
          <reporter-output>
          </reporter-output>
        </test-method> <!-- openBrowser -->
        <test-method status="PASS" signature="loginApp()[pri:0, instance:com.actitime.test.CusstomerModule@2a742aa2]" name="loginApp" is-config="true" duration-ms="22679" started-at="2020-01-19T13:09:12 IST" finished-at="2020-01-19T13:09:34 IST">
          <reporter-output>
          </reporter-output>
        </test-method> <!-- loginApp -->
        <test-method status="FAIL" signature="testCreateCustomer()[pri:0, instance:com.actitime.test.CusstomerModule@2a742aa2]" name="testCreateCustomer" duration-ms="3570" started-at="2020-01-19T13:09:34 IST" finished-at="2020-01-19T13:09:38 IST">
          <exception class="java.lang.NullPointerException">
            <full-stacktrace>
              <![CDATA[java.lang.NullPointerException
at org.openqa.selenium.support.pagefactory.DefaultElementLocator.findElement(DefaultElementLocator.java:69)
at org.openqa.selenium.support.pagefactory.internal.LocatingElementHandler.invoke(LocatingElementHandler.java:38)
at com.sun.proxy.$Proxy11.click(Unknown Source)
at com.actitime.test.CusstomerModule.testCreateCustomer(CusstomerModule.java:27)
at sun.reflect.NativeMethodAccessorImpl.invoke0(Native Method)
at sun.reflect.NativeMethodAccessorImpl.invoke(NativeMethodAccessorImpl.java:62)
at sun.reflect.DelegatingMethodAccessorImpl.invoke(DelegatingMethodAccessorImpl.java:43)
at java.lang.reflect.Method.invoke(Method.java:498)
at org.testng.internal.MethodInvocationHelper.invokeMethod(MethodInvocationHelper.java:133)
at org.testng.internal.TestInvoker.invokeMethod(TestInvoker.java:584)
at org.testng.internal.TestInvoker.invokeTestMethod(TestInvoker.java:172)
at org.testng.internal.MethodRunner.runInSequence(MethodRunner.java:46)
at org.testng.internal.TestInvoker$MethodInvocationAgent.invoke(TestInvoker.java:804)
at org.testng.internal.TestInvoker.invokeTestMethods(TestInvoker.java:145)
at org.testng.internal.TestMethodWorker.invokeTestMethods(TestMethodWorker.java:146)
at org.testng.internal.TestMethodWorker.run(TestMethodWorker.java:128)
at java.util.ArrayList.forEach(ArrayList.java:1249)
at org.testng.TestRunner.privateRun(TestRunner.java:770)
at org.testng.TestRunner.run(TestRunner.java:591)
at org.testng.SuiteRunner.runTest(SuiteRunner.java:402)
at org.testng.SuiteRunner.runSequentially(SuiteRunner.java:396)
at org.testng.SuiteRunner.privateRun(SuiteRunner.java:355)
at org.testng.SuiteRunner.run(SuiteRunner.java:304)
at org.testng.SuiteRunnerWorker.runSuite(SuiteRunnerWorker.java:53)
at org.testng.SuiteRunnerWorker.run(SuiteRunnerWorker.java:96)
at org.testng.TestNG.runSuitesSequentially(TestNG.java:1180)
at org.testng.TestNG.runSuitesLocally(TestNG.java:1102)
at org.testng.TestNG.runSuites(TestNG.java:1032)
at org.testng.TestNG.run(TestNG.java:1000)
at org.testng.remote.AbstractRemoteTestNG.run(AbstractRemoteTestNG.java:115)
at org.testng.remote.RemoteTestNG.initAndRun(RemoteTestNG.java:251)
at org.testng.remote.RemoteTestNG.main(RemoteTestNG.java:77)
]]>
            </full-stacktrace>
          </exception> <!-- java.lang.NullPointerException -->
          <reporter-output>
            <line>
              <![CDATA[testCreateCustomer]]>
            </line>
          </reporter-output>
        </test-method> <!-- testCreateCustomer -->
        <test-method status="PASS" signature="logoutApp()[pri:0, instance:com.actitime.test.CusstomerModule@2a742aa2]" name="logoutApp" is-config="true" duration-ms="2598" started-at="2020-01-19T13:09:38 IST" finished-at="2020-01-19T13:09:41 IST">
          <reporter-output>
          </reporter-output>
        </test-method> <!-- logoutApp -->
        <test-method status="PASS" signature="closeBrowser()[pri:0, instance:com.actitime.test.CusstomerModule@2a742aa2]" name="closeBrowser" is-config="true" duration-ms="2325" started-at="2020-01-19T13:09:41 IST" finished-at="2020-01-19T13:09:43 IST">
          <reporter-output>
          </reporter-output>
        </test-method> <!-- closeBrowser -->
      </class> <!-- com.actitime.test.CusstomerModule -->
    </test> <!-- Default test -->
  </suite> <!-- Default suite -->
</testng-results>
