<?xml version="1.0" encoding="UTF-8"?>
<!-- Generated by org.testng.reporters.JUnitXMLReporter -->
<testsuite hostname="GMPI" ignored="0" name="Test" tests="1" failures="0" timestamp="2020-01-19T12:06:32 IST" time="0.063" errors="0">
  <testcase name="@BeforeClass openBrowser" time="0.009" classname="com.actitime.generics.BaseClass">
    <failure type="java.lang.NullPointerException">
      <![CDATA[java.lang.NullPointerException
at com.actitime.generics.BaseClass.openBrowser(BaseClass.java:41)
at java.util.ArrayList.forEach(ArrayList.java:1249)
... Removed 25 stack frames]]>
    </failure>
  </testcase> <!-- @BeforeClass openBrowser -->
  <testcase name="@BeforeMethod loginApp" time="-1.57941579225E9" classname="com.actitime.generics.BaseClass">
    <skipped/>
  </testcase> <!-- @BeforeMethod loginApp -->
  <testcase name="@AfterMethod logoutApp" time="-1.579415792257E9" classname="com.actitime.generics.BaseClass">
    <skipped/>
  </testcase> <!-- @AfterMethod logoutApp -->
  <testcase name="@AfterClass closeBrowser" time="-1.579415792263E9" classname="com.actitime.generics.BaseClass">
    <skipped/>
  </testcase> <!-- @AfterClass closeBrowser -->
  <testcase name="testCreateCustomer" time="0.0" classname="com.actitime.test.CusstomerModule">
    <skipped/>
  </testcase> <!-- testCreateCustomer -->
</testsuite> <!-- Test -->
